<?xml version="1.0" encoding="UTF-8"?>
<!-- Generated by org.testng.reporters.JUnitReportReporter -->
<testsuite hostname="MSI" failures="0" tests="4" name="testNG_annotationExample.NOP_LoginTest" time="0.001" errors="0" timestamp="2023-12-19T15:31:10 IST" skipped="0">
  <testcase classname="testNG_annotationExample.NOP_LoginTest" name="verifyLoginFeature" time="0.000"/>
  <system-out/>
  <testcase classname="testNG_annotationExample.NOP_LoginTest" name="verifyLogoutFeature" time="0.000"/>
  <system-out/>
  <testcase classname="testNG_annotationExample.NOP_LoginTest" name="verifyAppTitleFeature" time="0.001"/>
  <system-out/>
  <testcase classname="testNG_annotationExample.NOP_LoginTest" name="verifyAddCustFeature" time="0.000"/>
  <system-out/>
</testsuite> <!-- testNG_annotationExample.NOP_LoginTest -->
