<?xml version="1.0" encoding="UTF-8"?>
<!-- Generated by org.testng.reporters.JUnitReportReporter -->
<testsuite hostname="MSI" failures="0" tests="2" name="actionExample.RightClick_DoubleClickTest" time="1.401" errors="0" timestamp="2023-12-19T15:31:10 IST" skipped="0">
  <testcase classname="actionExample.RightClick_DoubleClickTest" name="verifyDoubleClick" time="1.203"/>
  <system-out/>
  <testcase classname="actionExample.RightClick_DoubleClickTest" name="verifyRightClick" time="0.198"/>
  <system-out/>
</testsuite> <!-- actionExample.RightClick_DoubleClickTest -->
